#
# A fatal error has been detected by the Java Runtime Environment:
#
#  EXCEPTION_ACCESS_VIOLATION (0xc0000005) at pc=0x00007ffa03d5f8d7, pid=19268, tid=45024
#
# JRE version: OpenJDK Runtime Environment Temurin-17.0.7+7 (17.0.7+7) (build 17.0.7+7)
# Java VM: OpenJDK 64-Bit Server VM Temurin-17.0.7+7 (17.0.7+7, mixed mode, tiered, compressed oops, compressed class ptrs, g1 gc, windows-amd64)
# Problematic frame:
# C  [awt.dll+0x1f8d7]
#
# No core dump will be written. Minidumps are not enabled by default on client versions of Windows
#
# If you would like to submit a bug report, please visit:
#   https://github.com/adoptium/adoptium-support/issues
# The crash happened outside the Java Virtual Machine in native code.
# See problematic frame for where to report the bug.
#

---------------  S U M M A R Y ------------

Command Line: -Dfile.encoding=UTF-8 --module-path=E:\Artu\BackUp\Poli\Terceiro Periodo\Java\LPOO-2021.1-Arthur-Araujo-e-Ayna-Araujoo\Ligue 4\bin -XX:+ShowCodeDetailsInExceptionMessages -Djdk.module.main=Ligue_4 Ligue_4/lpoo.ligue_4.main.Game

Host: Intel(R) Core(TM) i3-9350KF CPU @ 4.00GHz, 4 cores, 15G,  Windows 10 , 64 bit Build 19041 (10.0.19041.3155)
Time: Mon Jul 31 19:34:25 2023 Hora oficial do Brasil elapsed time: 170.792338 seconds (0d 0h 2m 50s)

---------------  T H R E A D  ---------------

Current thread (0x00000285b8916f10):  JavaThread "Thread-0" [_thread_in_native, id=45024, stack(0x0000008b1fa00000,0x0000008b1fb00000)]

Stack: [0x0000008b1fa00000,0x0000008b1fb00000],  sp=0x0000008b1fafef30,  free space=1019k
Native frames: (J=compiled Java code, j=interpreted, Vv=VM code, C=native code)
C  [awt.dll+0x1f8d7]

Java frames: (J=compiled Java code, j=interpreted, Vv=VM code)
j  sun.java2d.d3d.D3DSurfaceData.initOps(III)V+0 java.desktop@17.0.7
j  sun.java2d.d3d.D3DSurfaceData.<init>(Lsun/awt/windows/WComponentPeer;Lsun/java2d/d3d/D3DGraphicsConfig;IILjava/awt/Image;Ljava/awt/image/ColorModel;IILsun/java2d/pipe/hw/ExtendedBufferCapabilities$VSyncType;I)V+212 java.desktop@17.0.7
j  sun.java2d.d3d.D3DSurfaceData.createData(Lsun/awt/windows/WComponentPeer;Ljava/awt/Image;)Lsun/java2d/d3d/D3DSurfaceData;+117 java.desktop@17.0.7
j  sun.java2d.d3d.D3DVolatileSurfaceManager.initAcceleratedSurface()Lsun/java2d/SurfaceData;+68 java.desktop@17.0.7
j  sun.java2d.d3d.D3DVolatileSurfaceManager.restoreAcceleratedSurface()V+49 java.desktop@17.0.7
j  sun.awt.image.VolatileSurfaceManager.validate(Ljava/awt/GraphicsConfiguration;)I+94 java.desktop@17.0.7
j  sun.awt.image.SunVolatileImage.validate(Ljava/awt/GraphicsConfiguration;)I+5 java.desktop@17.0.7
j  java.awt.Component$FlipBufferStrategy.revalidate()V+85 java.desktop@17.0.7
j  java.awt.Component$FlipBufferStrategy.getDrawGraphics()Ljava/awt/Graphics;+1 java.desktop@17.0.7
j  lpoo.ligue_4.main.Game.render()V+104 Ligue_4
j  lpoo.ligue_4.main.Game.run()V+5 Ligue_4
j  java.lang.Thread.run()V+11 java.base@17.0.7
v  ~StubRoutines::call_stub

siginfo: EXCEPTION_ACCESS_VIOLATION (0xc0000005), reading address 0x0000000000000000


Register to memory mapping:

RIP=0x00007ffa03d5f8d7 awt.dll
RAX=0x000000000001003c is an unknown value
RBX=0x0000000000000001 is an unknown value
RCX=0x0 is NULL
RDX=0x0000000000000001 is an unknown value
RSP=0x0000008b1fafef30 is pointing into the stack for thread: 0x00000285b8916f10
RBP=0x0000000000020001 is an unknown value
RSI=0x00000285b10dbd10 points into unknown readable memory: 0x7473754300000002 | 02 00 00 00 43 75 73 74
RDI=0x0000000000000002 is an unknown value
R8 =0x0000008b1fafeed8 is pointing into the stack for thread: 0x00000285b8916f10
R9 =0x0000000000020001 is an unknown value
R10=0x0 is NULL
R11=0x0000000000000246 is an unknown value
R12=0x0 is NULL
R13={method} {0x00000285ada93f60} 'initOps' '(III)V' in 'sun/java2d/d3d/D3DSurfaceData'
R14=0x0000008b1faff058 is pointing into the stack for thread: 0x00000285b8916f10
R15=0x00000285b8916f10 is a thread


Registers:
RAX=0x000000000001003c, RBX=0x0000000000000001, RCX=0x0000000000000000, RDX=0x0000000000000001
RSP=0x0000008b1fafef30, RBP=0x0000000000020001, RSI=0x00000285b10dbd10, RDI=0x0000000000000002
R8 =0x0000008b1fafeed8, R9 =0x0000000000020001, R10=0x0000000000000000, R11=0x0000000000000246
R12=0x0000000000000000, R13=0x00000285ada93f58, R14=0x0000008b1faff058, R15=0x00000285b8916f10
RIP=0x00007ffa03d5f8d7, EFLAGS=0x0000000000010297

Top of Stack: (sp=0x0000008b1fafef30)
0x0000008b1fafef30:   0000000000000000 00000285b10dbd10
0x0000008b1fafef40:   0000008b1faff058 00000285992c94fe
0x0000008b1fafef50:   0000000000000001 00007ffa03d63ed4
0x0000008b1fafef60:   00000285acd06a20 0000000000000000
0x0000008b1fafef70:   0000000000000500 0000008b1fafef78
0x0000008b1fafef80:   00000000e169b545 00000285992cd621
0x0000008b1fafef90:   00000285ada93f58 0000008b1faff020
0x0000008b1fafefa0:   000000070b4daa28 00000285ad7dd5a8
0x0000008b1fafefb0:   0000000000000320 0000008b1fafefd0
0x0000008b1fafefc0:   0000008b1faff038 00000285992c94fe
0x0000008b1fafefd0:   0000000701163468 0000008b1fafefd8
0x0000008b1fafefe0:   0000000000000000 0000008b1faff058
0x0000008b1fafeff0:   00000285ada964c8 0000000000000000
0x0000008b1faff000:   00000007011fcbd0 00000285ada93f58
0x0000008b1faff010:   0000000000000000 0000008b1faff040
0x0000008b1faff020:   0000008b1faff0a8 00000285992c94fe 

Instructions: (pc=0x00007ffa03d5f8d7)
0x00007ffa03d5f7d7:   00 00 41 b8 04 00 00 00 48 8d 94 24 9a 01 00 00
0x00007ffa03d5f7e7:   48 8d 8c 24 90 03 00 00 8b d8 ff 15 39 fd 0c 00
0x00007ffa03d5f7f7:   4c 8d 44 24 20 48 8d 15 b5 06 0e 00 48 8d 8c 24
0x00007ffa03d5f807:   90 03 00 00 e8 d0 0b 00 00 83 fb 01 75 1a 3b c3
0x00007ffa03d5f817:   75 16 8b 54 24 20 4d 8b c6 8b 4c 24 24 e8 77 f6
0x00007ffa03d5f827:   ff ff 85 c0 79 02 ff c6 ff c7 4c 8d 44 24 30 8b
0x00007ffa03d5f837:   d7 45 33 c9 33 c9 ff 15 0d 45 12 00 85 c0 0f 85
0x00007ffa03d5f847:   1b ff ff ff 4c 8b b4 24 c8 03 00 00 48 8b 9c 24
0x00007ffa03d5f857:   c0 03 00 00 3b f5 74 04 33 c0 eb 18 ba 01 00 00
0x00007ffa03d5f867:   00 4c 8d 05 51 06 0e 00 8b ca e8 fa 51 05 00 b8
0x00007ffa03d5f877:   05 40 00 80 48 8b 8c 24 a0 03 00 00 48 33 cc e8
0x00007ffa03d5f887:   d5 b6 0c 00 4c 8d 9c 24 b0 03 00 00 49 8b 6b 20
0x00007ffa03d5f897:   49 8b 73 28 49 8b e3 5f c3 48 89 6c 24 18 56 48
0x00007ffa03d5f8a7:   83 ec 20 48 8b f1 48 8b ea 48 8b 49 08 48 85 c9
0x00007ffa03d5f8b7:   74 4b 48 8b 01 48 89 5c 24 30 48 89 7c 24 38 ff
0x00007ffa03d5f8c7:   50 20 33 db 8b f8 85 c0 74 18 48 8b 4e 08 8b d3
0x00007ffa03d5f8d7:   4c 8b 01 41 ff 50 78 48 3b c5 74 1d ff c3 3b df
0x00007ffa03d5f8e7:   72 e8 33 c0 48 8b 5c 24 30 48 8b 7c 24 38 48 8b
0x00007ffa03d5f8f7:   6c 24 40 48 83 c4 20 5e c3 8b c3 eb e7 48 8b 6c
0x00007ffa03d5f907:   24 40 33 c0 48 83 c4 20 5e c3 cc cc cc cc cc cc
0x00007ffa03d5f917:   cc cc cc cc cc cc cc cc cc 40 53 48 83 ec 20 48
0x00007ffa03d5f927:   8b d9 8b ca e8 f0 b1 0b 00 48 85 c0 75 06 48 83
0x00007ffa03d5f937:   c4 20 5b c3 48 8b d0 48 8b cb 48 83 c4 20 5b e9
0x00007ffa03d5f947:   55 ff ff ff cc cc cc cc cc 48 63 41 18 48 8b d1
0x00007ffa03d5f957:   85 c0 79 05 48 8b 41 20 c3 48 8d 0c 40 48 8b 42
0x00007ffa03d5f967:   30 48 8b 44 c8 10 c3 cc cc 48 89 5c 24 08 48 89
0x00007ffa03d5f977:   74 24 10 57 41 56 41 57 48 83 ec 20 33 db 8b fa
0x00007ffa03d5f987:   4d 8b f8 48 8b f1 3b 11 0f 83 b4 00 00 00 48 8b
0x00007ffa03d5f997:   49 30 48 85 c9 0f 84 a7 00 00 00 4c 8d 04 7f 4e
0x00007ffa03d5f9a7:   8d 34 c5 00 00 00 00 41 8b 54 0e 08 49 8d 04 0e
0x00007ffa03d5f9b7:   83 fa ff 0f 84 89 00 00 00 85 d2 75 7a 48 89 5c
0x00007ffa03d5f9c7:   24 58 48 39 18 74 07 bb 05 40 00 80 eb 45 8b d7 


Stack slot to memory mapping:
stack at sp + 0 slots: 0x0 is NULL
stack at sp + 1 slots: 0x00000285b10dbd10 points into unknown readable memory: 0x7473754300000002 | 02 00 00 00 43 75 73 74
stack at sp + 2 slots: 0x0000008b1faff058 is pointing into the stack for thread: 0x00000285b8916f10
stack at sp + 3 slots: 0x00000285992c94fe is at code_begin+1118 in an Interpreter codelet
return entry points  [0x00000285992c90a0, 0x00000285992c9ba0]  2816 bytes
stack at sp + 4 slots: 0x0000000000000001 is an unknown value
stack at sp + 5 slots: 0x00007ffa03d63ed4 awt.dll
stack at sp + 6 slots: 0x00000285acd06a20 points into unknown readable memory: 0x00007ffa03d63720 | 20 37 d6 03 fa 7f 00 00
stack at sp + 7 slots: 0x0 is NULL


---------------  P R O C E S S  ---------------

Threads class SMR info:
_java_thread_list=0x00000285b8df6660, length=16, elements={
0x00000285aca8f3d0, 0x00000285aca911e0, 0x00000285acab4290, 0x00000285acab4b50,
0x00000285acab9bc0, 0x00000285acabd980, 0x00000285acabe570, 0x00000285acac0f30,
0x00000285acad3000, 0x00000285acbded60, 0x00000285acd3fd20, 0x00000285acb43240,
0x00000285b10e4220, 0x00000285b8990380, 0x00000285b8916f10, 0x000002858e6d9640
}

Java Threads: ( => current thread )
  0x00000285aca8f3d0 JavaThread "Reference Handler" daemon [_thread_blocked, id=31732, stack(0x0000008b1e800000,0x0000008b1e900000)]
  0x00000285aca911e0 JavaThread "Finalizer" daemon [_thread_blocked, id=41928, stack(0x0000008b1e900000,0x0000008b1ea00000)]
  0x00000285acab4290 JavaThread "Signal Dispatcher" daemon [_thread_blocked, id=50736, stack(0x0000008b1ea00000,0x0000008b1eb00000)]
  0x00000285acab4b50 JavaThread "Attach Listener" daemon [_thread_blocked, id=47396, stack(0x0000008b1eb00000,0x0000008b1ec00000)]
  0x00000285acab9bc0 JavaThread "Service Thread" daemon [_thread_blocked, id=12512, stack(0x0000008b1ec00000,0x0000008b1ed00000)]
  0x00000285acabd980 JavaThread "Monitor Deflation Thread" daemon [_thread_blocked, id=39968, stack(0x0000008b1ed00000,0x0000008b1ee00000)]
  0x00000285acabe570 JavaThread "C2 CompilerThread0" daemon [_thread_blocked, id=31588, stack(0x0000008b1ee00000,0x0000008b1ef00000)]
  0x00000285acac0f30 JavaThread "C1 CompilerThread0" daemon [_thread_blocked, id=46636, stack(0x0000008b1ef00000,0x0000008b1f000000)]
  0x00000285acad3000 JavaThread "Sweeper thread" daemon [_thread_blocked, id=45904, stack(0x0000008b1f000000,0x0000008b1f100000)]
  0x00000285acbded60 JavaThread "Common-Cleaner" daemon [_thread_blocked, id=43924, stack(0x0000008b1f100000,0x0000008b1f200000)]
  0x00000285acd3fd20 JavaThread "Notification Thread" daemon [_thread_blocked, id=44008, stack(0x0000008b1f200000,0x0000008b1f300000)]
  0x00000285acb43240 JavaThread "Java2D Disposer" daemon [_thread_blocked, id=49092, stack(0x0000008b1f400000,0x0000008b1f500000)]
  0x00000285b10e4220 JavaThread "AWT-Shutdown" [_thread_blocked, id=37524, stack(0x0000008b1f500000,0x0000008b1f600000)]
  0x00000285b8990380 JavaThread "AWT-EventQueue-0" [_thread_blocked, id=45228, stack(0x0000008b1f900000,0x0000008b1fa00000)]
=>0x00000285b8916f10 JavaThread "Thread-0" [_thread_in_native, id=45024, stack(0x0000008b1fa00000,0x0000008b1fb00000)]
  0x000002858e6d9640 JavaThread "DestroyJavaVM" [_thread_blocked, id=45480, stack(0x0000008b1e100000,0x0000008b1e200000)]

Other Threads:
  0x00000285aca3e7c0 VMThread "VM Thread" [stack: 0x0000008b1e700000,0x0000008b1e800000] [id=40600]
  0x00000285accaf6f0 WatcherThread [stack: 0x0000008b1f300000,0x0000008b1f400000] [id=41564]
  0x000002858e745d70 GCTaskThread "GC Thread#0" [stack: 0x0000008b1e200000,0x0000008b1e300000] [id=47668]
  0x00000285b8b21810 GCTaskThread "GC Thread#1" [stack: 0x0000008b1fc70000,0x0000008b1fd70000] [id=40004]
  0x00000285b8b222d0 GCTaskThread "GC Thread#2" [stack: 0x0000008b1fd70000,0x0000008b1fe70000] [id=36064]
  0x00000285b8b21560 GCTaskThread "GC Thread#3" [stack: 0x0000008b1fe70000,0x0000008b1ff70000] [id=49856]
  0x000002858e756ac0 ConcurrentGCThread "G1 Main Marker" [stack: 0x0000008b1e300000,0x0000008b1e400000] [id=45368]
  0x000002858e757480 ConcurrentGCThread "G1 Conc#0" [stack: 0x0000008b1e400000,0x0000008b1e500000] [id=47988]
  0x00000285ac8c44e0 ConcurrentGCThread "G1 Refine#0" [stack: 0x0000008b1e500000,0x0000008b1e600000] [id=39552]
  0x00000285b8cecce0 ConcurrentGCThread "G1 Refine#1" [stack: 0x0000008b1ff70000,0x0000008b20070000] [id=46756]
  0x00000285ac8c4d10 ConcurrentGCThread "G1 Service" [stack: 0x0000008b1e600000,0x0000008b1e700000] [id=26060]

Threads with active compile tasks:

VM state: not at safepoint (normal execution)

VM Mutex/Monitor currently owned by a thread: None

Heap address: 0x0000000701000000, size: 4080 MB, Compressed Oops mode: Zero based, Oop shift amount: 3

CDS archive(s) not mapped
Compressed class space mapped at: 0x0000000800000000-0x0000000840000000, reserved size: 1073741824
Narrow klass base: 0x0000000800000000, Narrow klass shift: 0, Narrow klass range: 0x40000000

GC Precious Log:
 CPUs: 4 total, 4 available
 Memory: 16317M
 Large Page Support: Disabled
 NUMA Support: Disabled
 Compressed Oops: Enabled (Zero based)
 Heap Region Size: 2M
 Heap Min Capacity: 8M
 Heap Initial Capacity: 256M
 Heap Max Capacity: 4080M
 Pre-touch: Disabled
 Parallel Workers: 4
 Concurrent Workers: 1
 Concurrent Refinement Workers: 4
 Periodic GC: Disabled

Heap:
 garbage-first heap   total 262144K, used 93501K [0x0000000701000000, 0x0000000800000000)
  region size 2048K, 46 young (94208K), 1 survivors (2048K)
 Metaspace       used 14332K, committed 14528K, reserved 1114112K
  class space    used 1387K, committed 1472K, reserved 1048576K

Heap Regions: E=young(eden), S=young(survivor), O=old, HS=humongous(starts), HC=humongous(continues), CS=collection set, F=free, OA=open archive, CA=closed archive, TAMS=top-at-mark-start (previous, next)
|   0|0x0000000701000000, 0x0000000701200000, 0x0000000701200000|100%| O|  |TAMS 0x0000000701000000, 0x0000000701000000| Untracked 
|   1|0x0000000701200000, 0x000000070132c800, 0x0000000701400000| 58%| O|  |TAMS 0x0000000701200000, 0x0000000701200000| Untracked 
|   2|0x0000000701400000, 0x0000000701400000, 0x0000000701600000|  0%| F|  |TAMS 0x0000000701400000, 0x0000000701400000| Untracked 
|   3|0x0000000701600000, 0x0000000701600000, 0x0000000701800000|  0%| F|  |TAMS 0x0000000701600000, 0x0000000701600000| Untracked 
|   4|0x0000000701800000, 0x0000000701800000, 0x0000000701a00000|  0%| F|  |TAMS 0x0000000701800000, 0x0000000701800000| Untracked 
|   5|0x0000000701a00000, 0x0000000701a00000, 0x0000000701c00000|  0%| F|  |TAMS 0x0000000701a00000, 0x0000000701a00000| Untracked 
|   6|0x0000000701c00000, 0x0000000701c00000, 0x0000000701e00000|  0%| F|  |TAMS 0x0000000701c00000, 0x0000000701c00000| Untracked 
|   7|0x0000000701e00000, 0x0000000701e00000, 0x0000000702000000|  0%| F|  |TAMS 0x0000000701e00000, 0x0000000701e00000| Untracked 
|   8|0x0000000702000000, 0x0000000702000000, 0x0000000702200000|  0%| F|  |TAMS 0x0000000702000000, 0x0000000702000000| Untracked 
|   9|0x0000000702200000, 0x0000000702200000, 0x0000000702400000|  0%| F|  |TAMS 0x0000000702200000, 0x0000000702200000| Untracked 
|  10|0x0000000702400000, 0x0000000702400000, 0x0000000702600000|  0%| F|  |TAMS 0x0000000702400000, 0x0000000702400000| Untracked 
|  11|0x0000000702600000, 0x0000000702600000, 0x0000000702800000|  0%| F|  |TAMS 0x0000000702600000, 0x0000000702600000| Untracked 
|  12|0x0000000702800000, 0x0000000702800000, 0x0000000702a00000|  0%| F|  |TAMS 0x0000000702800000, 0x0000000702800000| Untracked 
|  13|0x0000000702a00000, 0x0000000702a00000, 0x0000000702c00000|  0%| F|  |TAMS 0x0000000702a00000, 0x0000000702a00000| Untracked 
|  14|0x0000000702c00000, 0x0000000702c00000, 0x0000000702e00000|  0%| F|  |TAMS 0x0000000702c00000, 0x0000000702c00000| Untracked 
|  15|0x0000000702e00000, 0x0000000702e00000, 0x0000000703000000|  0%| F|  |TAMS 0x0000000702e00000, 0x0000000702e00000| Untracked 
|  16|0x0000000703000000, 0x0000000703000000, 0x0000000703200000|  0%| F|  |TAMS 0x0000000703000000, 0x0000000703000000| Untracked 
|  17|0x0000000703200000, 0x0000000703200000, 0x0000000703400000|  0%| F|  |TAMS 0x0000000703200000, 0x0000000703200000| Untracked 
|  18|0x0000000703400000, 0x0000000703400000, 0x0000000703600000|  0%| F|  |TAMS 0x0000000703400000, 0x0000000703400000| Untracked 
|  19|0x0000000703600000, 0x0000000703600000, 0x0000000703800000|  0%| F|  |TAMS 0x0000000703600000, 0x0000000703600000| Untracked 
|  20|0x0000000703800000, 0x0000000703800000, 0x0000000703a00000|  0%| F|  |TAMS 0x0000000703800000, 0x0000000703800000| Untracked 
|  21|0x0000000703a00000, 0x0000000703a00000, 0x0000000703c00000|  0%| F|  |TAMS 0x0000000703a00000, 0x0000000703a00000| Untracked 
|  22|0x0000000703c00000, 0x0000000703c00000, 0x0000000703e00000|  0%| F|  |TAMS 0x0000000703c00000, 0x0000000703c00000| Untracked 
|  23|0x0000000703e00000, 0x0000000703e00000, 0x0000000704000000|  0%| F|  |TAMS 0x0000000703e00000, 0x0000000703e00000| Untracked 
|  24|0x0000000704000000, 0x0000000704000000, 0x0000000704200000|  0%| F|  |TAMS 0x0000000704000000, 0x0000000704000000| Untracked 
|  25|0x0000000704200000, 0x0000000704200000, 0x0000000704400000|  0%| F|  |TAMS 0x0000000704200000, 0x0000000704200000| Untracked 
|  26|0x0000000704400000, 0x0000000704400000, 0x0000000704600000|  0%| F|  |TAMS 0x0000000704400000, 0x0000000704400000| Untracked 
|  27|0x0000000704600000, 0x0000000704600000, 0x0000000704800000|  0%| F|  |TAMS 0x0000000704600000, 0x0000000704600000| Untracked 
|  28|0x0000000704800000, 0x0000000704800000, 0x0000000704a00000|  0%| F|  |TAMS 0x0000000704800000, 0x0000000704800000| Untracked 
|  29|0x0000000704a00000, 0x0000000704a00000, 0x0000000704c00000|  0%| F|  |TAMS 0x0000000704a00000, 0x0000000704a00000| Untracked 
|  30|0x0000000704c00000, 0x0000000704c00000, 0x0000000704e00000|  0%| F|  |TAMS 0x0000000704c00000, 0x0000000704c00000| Untracked 
|  31|0x0000000704e00000, 0x0000000704e00000, 0x0000000705000000|  0%| F|  |TAMS 0x0000000704e00000, 0x0000000704e00000| Untracked 
|  32|0x0000000705000000, 0x0000000705000000, 0x0000000705200000|  0%| F|  |TAMS 0x0000000705000000, 0x0000000705000000| Untracked 
|  33|0x0000000705200000, 0x0000000705200000, 0x0000000705400000|  0%| F|  |TAMS 0x0000000705200000, 0x0000000705200000| Untracked 
|  34|0x0000000705400000, 0x0000000705400000, 0x0000000705600000|  0%| F|  |TAMS 0x0000000705400000, 0x0000000705400000| Untracked 
|  35|0x0000000705600000, 0x0000000705600000, 0x0000000705800000|  0%| F|  |TAMS 0x0000000705600000, 0x0000000705600000| Untracked 
|  36|0x0000000705800000, 0x0000000705800000, 0x0000000705a00000|  0%| F|  |TAMS 0x0000000705800000, 0x0000000705800000| Untracked 
|  37|0x0000000705a00000, 0x0000000705a00000, 0x0000000705c00000|  0%| F|  |TAMS 0x0000000705a00000, 0x0000000705a00000| Untracked 
|  38|0x0000000705c00000, 0x0000000705c00000, 0x0000000705e00000|  0%| F|  |TAMS 0x0000000705c00000, 0x0000000705c00000| Untracked 
|  39|0x0000000705e00000, 0x0000000705e00000, 0x0000000706000000|  0%| F|  |TAMS 0x0000000705e00000, 0x0000000705e00000| Untracked 
|  40|0x0000000706000000, 0x0000000706000000, 0x0000000706200000|  0%| F|  |TAMS 0x0000000706000000, 0x0000000706000000| Untracked 
|  41|0x0000000706200000, 0x0000000706200000, 0x0000000706400000|  0%| F|  |TAMS 0x0000000706200000, 0x0000000706200000| Untracked 
|  42|0x0000000706400000, 0x0000000706400000, 0x0000000706600000|  0%| F|  |TAMS 0x0000000706400000, 0x0000000706400000| Untracked 
|  43|0x0000000706600000, 0x0000000706600000, 0x0000000706800000|  0%| F|  |TAMS 0x0000000706600000, 0x0000000706600000| Untracked 
|  44|0x0000000706800000, 0x0000000706800000, 0x0000000706a00000|  0%| F|  |TAMS 0x0000000706800000, 0x0000000706800000| Untracked 
|  45|0x0000000706a00000, 0x0000000706a00000, 0x0000000706c00000|  0%| F|  |TAMS 0x0000000706a00000, 0x0000000706a00000| Untracked 
|  46|0x0000000706c00000, 0x0000000706c00000, 0x0000000706e00000|  0%| F|  |TAMS 0x0000000706c00000, 0x0000000706c00000| Untracked 
|  47|0x0000000706e00000, 0x0000000706e00000, 0x0000000707000000|  0%| F|  |TAMS 0x0000000706e00000, 0x0000000706e00000| Untracked 
|  48|0x0000000707000000, 0x0000000707000000, 0x0000000707200000|  0%| F|  |TAMS 0x0000000707000000, 0x0000000707000000| Untracked 
|  49|0x0000000707200000, 0x0000000707200000, 0x0000000707400000|  0%| F|  |TAMS 0x0000000707200000, 0x0000000707200000| Untracked 
|  50|0x0000000707400000, 0x0000000707400000, 0x0000000707600000|  0%| F|  |TAMS 0x0000000707400000, 0x0000000707400000| Untracked 
|  51|0x0000000707600000, 0x0000000707600000, 0x0000000707800000|  0%| F|  |TAMS 0x0000000707600000, 0x0000000707600000| Untracked 
|  52|0x0000000707800000, 0x0000000707800000, 0x0000000707a00000|  0%| F|  |TAMS 0x0000000707800000, 0x0000000707800000| Untracked 
|  53|0x0000000707a00000, 0x0000000707a00000, 0x0000000707c00000|  0%| F|  |TAMS 0x0000000707a00000, 0x0000000707a00000| Untracked 
|  54|0x0000000707c00000, 0x0000000707c00000, 0x0000000707e00000|  0%| F|  |TAMS 0x0000000707c00000, 0x0000000707c00000| Untracked 
|  55|0x0000000707e00000, 0x0000000707e00000, 0x0000000708000000|  0%| F|  |TAMS 0x0000000707e00000, 0x0000000707e00000| Untracked 
|  56|0x0000000708000000, 0x0000000708000000, 0x0000000708200000|  0%| F|  |TAMS 0x0000000708000000, 0x0000000708000000| Untracked 
|  57|0x0000000708200000, 0x0000000708200000, 0x0000000708400000|  0%| F|  |TAMS 0x0000000708200000, 0x0000000708200000| Untracked 
|  58|0x0000000708400000, 0x0000000708400000, 0x0000000708600000|  0%| F|  |TAMS 0x0000000708400000, 0x0000000708400000| Untracked 
|  59|0x0000000708600000, 0x0000000708600000, 0x0000000708800000|  0%| F|  |TAMS 0x0000000708600000, 0x0000000708600000| Untracked 
|  60|0x0000000708800000, 0x0000000708800000, 0x0000000708a00000|  0%| F|  |TAMS 0x0000000708800000, 0x0000000708800000| Untracked 
|  61|0x0000000708a00000, 0x0000000708a00000, 0x0000000708c00000|  0%| F|  |TAMS 0x0000000708a00000, 0x0000000708a00000| Untracked 
|  62|0x0000000708c00000, 0x0000000708c00000, 0x0000000708e00000|  0%| F|  |TAMS 0x0000000708c00000, 0x0000000708c00000| Untracked 
|  63|0x0000000708e00000, 0x0000000708e00000, 0x0000000709000000|  0%| F|  |TAMS 0x0000000708e00000, 0x0000000708e00000| Untracked 
|  64|0x0000000709000000, 0x0000000709000000, 0x0000000709200000|  0%| F|  |TAMS 0x0000000709000000, 0x0000000709000000| Untracked 
|  65|0x0000000709200000, 0x0000000709200000, 0x0000000709400000|  0%| F|  |TAMS 0x0000000709200000, 0x0000000709200000| Untracked 
|  66|0x0000000709400000, 0x0000000709400000, 0x0000000709600000|  0%| F|  |TAMS 0x0000000709400000, 0x0000000709400000| Untracked 
|  67|0x0000000709600000, 0x0000000709600000, 0x0000000709800000|  0%| F|  |TAMS 0x0000000709600000, 0x0000000709600000| Untracked 
|  68|0x0000000709800000, 0x0000000709800000, 0x0000000709a00000|  0%| F|  |TAMS 0x0000000709800000, 0x0000000709800000| Untracked 
|  69|0x0000000709a00000, 0x0000000709a00000, 0x0000000709c00000|  0%| F|  |TAMS 0x0000000709a00000, 0x0000000709a00000| Untracked 
|  70|0x0000000709c00000, 0x0000000709c00000, 0x0000000709e00000|  0%| F|  |TAMS 0x0000000709c00000, 0x0000000709c00000| Untracked 
|  71|0x0000000709e00000, 0x0000000709e00000, 0x000000070a000000|  0%| F|  |TAMS 0x0000000709e00000, 0x0000000709e00000| Untracked 
|  72|0x000000070a000000, 0x000000070a000000, 0x000000070a200000|  0%| F|  |TAMS 0x000000070a000000, 0x000000070a000000| Untracked 
|  73|0x000000070a200000, 0x000000070a200000, 0x000000070a400000|  0%| F|  |TAMS 0x000000070a200000, 0x000000070a200000| Untracked 
|  74|0x000000070a400000, 0x000000070a400000, 0x000000070a600000|  0%| F|  |TAMS 0x000000070a400000, 0x000000070a400000| Untracked 
|  75|0x000000070a600000, 0x000000070a600000, 0x000000070a800000|  0%| F|  |TAMS 0x000000070a600000, 0x000000070a600000| Untracked 
|  76|0x000000070a800000, 0x000000070a800000, 0x000000070aa00000|  0%| F|  |TAMS 0x000000070a800000, 0x000000070a800000| Untracked 
|  77|0x000000070aa00000, 0x000000070aa00000, 0x000000070ac00000|  0%| F|  |TAMS 0x000000070aa00000, 0x000000070aa00000| Untracked 
|  78|0x000000070ac00000, 0x000000070ac00000, 0x000000070ae00000|  0%| F|  |TAMS 0x000000070ac00000, 0x000000070ac00000| Untracked 
|  79|0x000000070ae00000, 0x000000070ae00000, 0x000000070b000000|  0%| F|  |TAMS 0x000000070ae00000, 0x000000070ae00000| Untracked 
|  80|0x000000070b000000, 0x000000070b000000, 0x000000070b200000|  0%| F|  |TAMS 0x000000070b000000, 0x000000070b000000| Untracked 
|  81|0x000000070b200000, 0x000000070b200000, 0x000000070b400000|  0%| F|  |TAMS 0x000000070b200000, 0x000000070b200000| Untracked 
|  82|0x000000070b400000, 0x000000070b5c0818, 0x000000070b600000| 87%| E|  |TAMS 0x000000070b400000, 0x000000070b400000| Complete 
|  83|0x000000070b600000, 0x000000070b800000, 0x000000070b800000|100%| E|CS|TAMS 0x000000070b600000, 0x000000070b600000| Complete 
|  84|0x000000070b800000, 0x000000070ba00000, 0x000000070ba00000|100%| E|CS|TAMS 0x000000070b800000, 0x000000070b800000| Complete 
|  85|0x000000070ba00000, 0x000000070bc00000, 0x000000070bc00000|100%| E|CS|TAMS 0x000000070ba00000, 0x000000070ba00000| Complete 
|  86|0x000000070bc00000, 0x000000070be00000, 0x000000070be00000|100%| E|CS|TAMS 0x000000070bc00000, 0x000000070bc00000| Complete 
|  87|0x000000070be00000, 0x000000070c000000, 0x000000070c000000|100%| E|CS|TAMS 0x000000070be00000, 0x000000070be00000| Complete 
|  88|0x000000070c000000, 0x000000070c200000, 0x000000070c200000|100%| E|CS|TAMS 0x000000070c000000, 0x000000070c000000| Complete 
|  89|0x000000070c200000, 0x000000070c400000, 0x000000070c400000|100%| E|CS|TAMS 0x000000070c200000, 0x000000070c200000| Complete 
|  90|0x000000070c400000, 0x000000070c600000, 0x000000070c600000|100%| E|CS|TAMS 0x000000070c400000, 0x000000070c400000| Complete 
|  91|0x000000070c600000, 0x000000070c800000, 0x000000070c800000|100%| E|CS|TAMS 0x000000070c600000, 0x000000070c600000| Complete 
|  92|0x000000070c800000, 0x000000070ca00000, 0x000000070ca00000|100%| E|CS|TAMS 0x000000070c800000, 0x000000070c800000| Complete 
|  93|0x000000070ca00000, 0x000000070cc00000, 0x000000070cc00000|100%| E|CS|TAMS 0x000000070ca00000, 0x000000070ca00000| Complete 
|  94|0x000000070cc00000, 0x000000070ce00000, 0x000000070ce00000|100%| E|CS|TAMS 0x000000070cc00000, 0x000000070cc00000| Complete 
|  95|0x000000070ce00000, 0x000000070d000000, 0x000000070d000000|100%| E|CS|TAMS 0x000000070ce00000, 0x000000070ce00000| Complete 
|  96|0x000000070d000000, 0x000000070d200000, 0x000000070d200000|100%| E|CS|TAMS 0x000000070d000000, 0x000000070d000000| Complete 
|  97|0x000000070d200000, 0x000000070d400000, 0x000000070d400000|100%| E|CS|TAMS 0x000000070d200000, 0x000000070d200000| Complete 
|  98|0x000000070d400000, 0x000000070d600000, 0x000000070d600000|100%| E|CS|TAMS 0x000000070d400000, 0x000000070d400000| Complete 
|  99|0x000000070d600000, 0x000000070d800000, 0x000000070d800000|100%| E|CS|TAMS 0x000000070d600000, 0x000000070d600000| Complete 
| 100|0x000000070d800000, 0x000000070da00000, 0x000000070da00000|100%| E|CS|TAMS 0x000000070d800000, 0x000000070d800000| Complete 
| 101|0x000000070da00000, 0x000000070dc00000, 0x000000070dc00000|100%| E|CS|TAMS 0x000000070da00000, 0x000000070da00000| Complete 
| 102|0x000000070dc00000, 0x000000070de00000, 0x000000070de00000|100%| E|CS|TAMS 0x000000070dc00000, 0x000000070dc00000| Complete 
| 103|0x000000070de00000, 0x000000070e000000, 0x000000070e000000|100%| E|CS|TAMS 0x000000070de00000, 0x000000070de00000| Complete 
| 104|0x000000070e000000, 0x000000070e200000, 0x000000070e200000|100%| E|CS|TAMS 0x000000070e000000, 0x000000070e000000| Complete 
| 105|0x000000070e200000, 0x000000070e400000, 0x000000070e400000|100%| E|CS|TAMS 0x000000070e200000, 0x000000070e200000| Complete 
| 106|0x000000070e400000, 0x000000070e600000, 0x000000070e600000|100%| E|CS|TAMS 0x000000070e400000, 0x000000070e400000| Complete 
| 107|0x000000070e600000, 0x000000070e800000, 0x000000070e800000|100%| E|CS|TAMS 0x000000070e600000, 0x000000070e600000| Complete 
| 108|0x000000070e800000, 0x000000070ea00000, 0x000000070ea00000|100%| E|CS|TAMS 0x000000070e800000, 0x000000070e800000| Complete 
| 109|0x000000070ea00000, 0x000000070ec00000, 0x000000070ec00000|100%| E|CS|TAMS 0x000000070ea00000, 0x000000070ea00000| Complete 
| 110|0x000000070ec00000, 0x000000070ee00000, 0x000000070ee00000|100%| E|CS|TAMS 0x000000070ec00000, 0x000000070ec00000| Complete 
| 111|0x000000070ee00000, 0x000000070ee22c90, 0x000000070f000000|  6%| S|CS|TAMS 0x000000070ee00000, 0x000000070ee00000| Complete 
| 112|0x000000070f000000, 0x000000070f200000, 0x000000070f200000|100%| E|CS|TAMS 0x000000070f000000, 0x000000070f000000| Complete 
| 113|0x000000070f200000, 0x000000070f400000, 0x000000070f400000|100%| E|CS|TAMS 0x000000070f200000, 0x000000070f200000| Complete 
| 114|0x000000070f400000, 0x000000070f600000, 0x000000070f600000|100%| E|CS|TAMS 0x000000070f400000, 0x000000070f400000| Complete 
| 115|0x000000070f600000, 0x000000070f800000, 0x000000070f800000|100%| E|CS|TAMS 0x000000070f600000, 0x000000070f600000| Complete 
| 116|0x000000070f800000, 0x000000070fa00000, 0x000000070fa00000|100%| E|CS|TAMS 0x000000070f800000, 0x000000070f800000| Complete 
| 117|0x000000070fa00000, 0x000000070fc00000, 0x000000070fc00000|100%| E|CS|TAMS 0x000000070fa00000, 0x000000070fa00000| Complete 
| 118|0x000000070fc00000, 0x000000070fe00000, 0x000000070fe00000|100%| E|CS|TAMS 0x000000070fc00000, 0x000000070fc00000| Complete 
| 119|0x000000070fe00000, 0x0000000710000000, 0x0000000710000000|100%| E|CS|TAMS 0x000000070fe00000, 0x000000070fe00000| Complete 
| 120|0x0000000710000000, 0x0000000710200000, 0x0000000710200000|100%| E|CS|TAMS 0x0000000710000000, 0x0000000710000000| Complete 
| 121|0x0000000710200000, 0x0000000710400000, 0x0000000710400000|100%| E|CS|TAMS 0x0000000710200000, 0x0000000710200000| Complete 
| 122|0x0000000710400000, 0x0000000710600000, 0x0000000710600000|100%| E|CS|TAMS 0x0000000710400000, 0x0000000710400000| Complete 
| 123|0x0000000710600000, 0x0000000710800000, 0x0000000710800000|100%| E|CS|TAMS 0x0000000710600000, 0x0000000710600000| Complete 
| 124|0x0000000710800000, 0x0000000710a00000, 0x0000000710a00000|100%| E|CS|TAMS 0x0000000710800000, 0x0000000710800000| Complete 
| 125|0x0000000710a00000, 0x0000000710c00000, 0x0000000710c00000|100%| E|CS|TAMS 0x0000000710a00000, 0x0000000710a00000| Complete 
| 126|0x0000000710c00000, 0x0000000710e00000, 0x0000000710e00000|100%| E|CS|TAMS 0x0000000710c00000, 0x0000000710c00000| Complete 
| 127|0x0000000710e00000, 0x0000000711000000, 0x0000000711000000|100%| E|CS|TAMS 0x0000000710e00000, 0x0000000710e00000| Complete 

Card table byte_map: [0x00000285a1590000,0x00000285a1d90000] _byte_map_base: 0x000002859dd88000

Marking Bits (Prev, Next): (CMBitMap*) 0x000002858e746290, (CMBitMap*) 0x000002858e7462d0
 Prev Bits: [0x00000285a2590000, 0x00000285a6550000)
 Next Bits: [0x00000285a6550000, 0x00000285aa510000)

Polling page: 0x000002858c610000

Metaspace:

Usage:
  Non-class:     12.64 MB used.
      Class:      1.35 MB used.
       Both:     14.00 MB used.

Virtual space:
  Non-class space:       64.00 MB reserved,      12.75 MB ( 20%) committed,  1 nodes.
      Class space:        1.00 GB reserved,       1.44 MB ( <1%) committed,  1 nodes.
             Both:        1.06 GB reserved,      14.19 MB (  1%) committed. 

Chunk freelists:
   Non-Class:  2.97 MB
       Class:  14.61 MB
        Both:  17.58 MB

MaxMetaspaceSize: unlimited
CompressedClassSpaceSize: 1.00 GB
Initial GC threshold: 21.00 MB
Current GC threshold: 21.00 MB
CDS: off
MetaspaceReclaimPolicy: balanced
 - commit_granule_bytes: 65536.
 - commit_granule_words: 8192.
 - virtual_space_node_default_size: 8388608.
 - enlarge_chunks_in_place: 1.
 - new_chunks_are_fully_committed: 0.
 - uncommit_free_chunks: 1.
 - use_allocation_guard: 0.
 - handle_deallocations: 1.


Internal statistics:

num_allocs_failed_limit: 0.
num_arena_births: 108.
num_arena_deaths: 0.
num_vsnodes_births: 2.
num_vsnodes_deaths: 0.
num_space_committed: 227.
num_space_uncommitted: 0.
num_chunks_returned_to_freelist: 0.
num_chunks_taken_from_freelist: 171.
num_chunk_merges: 0.
num_chunk_splits: 95.
num_chunks_enlarged: 48.
num_inconsistent_stats: 0.

CodeHeap 'non-profiled nmethods': size=120000Kb used=627Kb max_used=627Kb free=119372Kb
 bounds [0x0000028599860000, 0x0000028599ad0000, 0x00000285a0d90000]
CodeHeap 'profiled nmethods': size=120000Kb used=2454Kb max_used=2454Kb free=117545Kb
 bounds [0x0000028591d90000, 0x0000028592000000, 0x00000285992c0000]
CodeHeap 'non-nmethods': size=5760Kb used=1262Kb max_used=1308Kb free=4497Kb
 bounds [0x00000285992c0000, 0x0000028599530000, 0x0000028599860000]
 total_blobs=1973 nmethods=1388 adapters=498
 compilation: enabled
              stopped_count=0, restarted_count=0
 full_count=0

Compilation events (20 events):
Event: 97.701 Thread 0x00000285acabe570 1379       4       sun.java2d.SunGraphicsEnvironment::createGraphics (38 bytes)
Event: 97.709 Thread 0x00000285acabe570 nmethod 1379 0x00000285998eb190 code [0x00000285998eb380, 0x00000285998eb858]
Event: 97.709 Thread 0x00000285acabe570 1380       4       java.awt.Component$FlipBufferStrategy::flip (58 bytes)
Event: 97.714 Thread 0x00000285acabe570 nmethod 1380 0x00000285998ebb10 code [0x00000285998ebd00, 0x00000285998ec388]
Event: 99.935 Thread 0x00000285acabe570 1381       4       java.awt.image.VolatileImage::getGraphics (5 bytes)
Event: 99.940 Thread 0x00000285acabe570 nmethod 1381 0x00000285998eca90 code [0x00000285998ecc60, 0x00000285998ed050]
Event: 99.973 Thread 0x00000285acabe570 1382   !   4       java.awt.Component$FlipBufferStrategy::revalidate (145 bytes)
Event: 99.976 Thread 0x00000285acabe570 nmethod 1382 0x00000285998ed510 code [0x00000285998ed6c0, 0x00000285998edd98]
Event: 99.991 Thread 0x00000285acabe570 1383       4       lpoo.ligue_4.main.Game::render (399 bytes)
Event: 100.096 Thread 0x00000285acabe570 nmethod 1383 0x00000285998ee310 code [0x00000285998ee8e0, 0x00000285998f5118]
Event: 100.097 Thread 0x00000285acabe570 1384  s    4       sun.awt.image.BufImgSurfaceData::getDeviceConfiguration (31 bytes)
Event: 100.097 Thread 0x00000285acabe570 nmethod 1384 0x00000285998fa090 code [0x00000285998fa200, 0x00000285998fa3d8]
Event: 102.358 Thread 0x00000285acabe570 1385   !   4       sun.java2d.SurfaceDataProxy::replaceData (329 bytes)
Event: 102.369 Thread 0x00000285acabe570 nmethod 1385 0x00000285998fa490 code [0x00000285998fa660, 0x00000285998fb2d8]
Event: 169.921 Thread 0x00000285acabe570 1386       4       jdk.internal.logger.AbstractLoggerWrapper::isLoggable (26 bytes)
Event: 169.924 Thread 0x00000285acabe570 nmethod 1386 0x00000285998fb890 code [0x00000285998fba60, 0x00000285998fc3f0]
Event: 170.656 Thread 0x00000285acac0f30 1387       1       java.beans.PropertyChangeEvent::getNewValue (5 bytes)
Event: 170.656 Thread 0x00000285acac0f30 nmethod 1387 0x00000285998fc790 code [0x00000285998fc920, 0x00000285998fc9f8]
Event: 170.659 Thread 0x00000285acac0f30 1388       1       java.beans.PropertyChangeEvent::getOldValue (5 bytes)
Event: 170.659 Thread 0x00000285acac0f30 nmethod 1388 0x00000285998fca90 code [0x00000285998fcc20, 0x00000285998fccf8]

GC Heap History (6 events):
Event: 8.890 GC heap before
{Heap before GC invocations=0 (full 0):
 garbage-first heap   total 262144K, used 12288K [0x0000000701000000, 0x0000000800000000)
  region size 2048K, 6 young (12288K), 0 survivors (0K)
 Metaspace       used 14315K, committed 14528K, reserved 1114112K
  class space    used 1387K, committed 1472K, reserved 1048576K
}
Event: 8.894 GC heap after
{Heap after GC invocations=1 (full 0):
 garbage-first heap   total 262144K, used 3256K [0x0000000701000000, 0x0000000800000000)
  region size 2048K, 1 young (2048K), 1 survivors (2048K)
 Metaspace       used 14315K, committed 14528K, reserved 1114112K
  class space    used 1387K, committed 1472K, reserved 1048576K
}
Event: 20.216 GC heap before
{Heap before GC invocations=1 (full 0):
 garbage-first heap   total 262144K, used 13496K [0x0000000701000000, 0x0000000800000000)
  region size 2048K, 6 young (12288K), 1 survivors (2048K)
 Metaspace       used 14331K, committed 14528K, reserved 1114112K
  class space    used 1387K, committed 1472K, reserved 1048576K
}
Event: 20.218 GC heap after
{Heap after GC invocations=2 (full 0):
 garbage-first heap   total 262144K, used 3607K [0x0000000701000000, 0x0000000800000000)
  region size 2048K, 1 young (2048K), 1 survivors (2048K)
 Metaspace       used 14331K, committed 14528K, reserved 1114112K
  class space    used 1387K, committed 1472K, reserved 1048576K
}
Event: 58.897 GC heap before
{Heap before GC invocations=2 (full 0):
 garbage-first heap   total 262144K, used 34327K [0x0000000701000000, 0x0000000800000000)
  region size 2048K, 16 young (32768K), 1 survivors (2048K)
 Metaspace       used 14331K, committed 14528K, reserved 1114112K
  class space    used 1387K, committed 1472K, reserved 1048576K
}
Event: 58.898 GC heap after
{Heap after GC invocations=3 (full 0):
 garbage-first heap   total 262144K, used 3389K [0x0000000701000000, 0x0000000800000000)
  region size 2048K, 1 young (2048K), 1 survivors (2048K)
 Metaspace       used 14331K, committed 14528K, reserved 1114112K
  class space    used 1387K, committed 1472K, reserved 1048576K
}

Dll operation events (8 events):
Event: 0.010 Loaded shared library C:\Users\Tuturum\.p2\pool\plugins\org.eclipse.justj.openjdk.hotspot.jre.full.win32.x86_64_17.0.7.v20230425-1502\jre\bin\java.dll
Event: 0.094 Loaded shared library C:\Users\Tuturum\.p2\pool\plugins\org.eclipse.justj.openjdk.hotspot.jre.full.win32.x86_64_17.0.7.v20230425-1502\jre\bin\net.dll
Event: 0.097 Loaded shared library C:\Users\Tuturum\.p2\pool\plugins\org.eclipse.justj.openjdk.hotspot.jre.full.win32.x86_64_17.0.7.v20230425-1502\jre\bin\nio.dll
Event: 0.136 Loaded shared library C:\Users\Tuturum\.p2\pool\plugins\org.eclipse.justj.openjdk.hotspot.jre.full.win32.x86_64_17.0.7.v20230425-1502\jre\bin\jimage.dll
Event: 0.150 Loaded shared library C:\Users\Tuturum\.p2\pool\plugins\org.eclipse.justj.openjdk.hotspot.jre.full.win32.x86_64_17.0.7.v20230425-1502\jre\bin\awt.dll
Event: 0.449 Loaded shared library C:\Users\Tuturum\.p2\pool\plugins\org.eclipse.justj.openjdk.hotspot.jre.full.win32.x86_64_17.0.7.v20230425-1502\jre\bin\freetype.dll
Event: 0.451 Loaded shared library C:\Users\Tuturum\.p2\pool\plugins\org.eclipse.justj.openjdk.hotspot.jre.full.win32.x86_64_17.0.7.v20230425-1502\jre\bin\fontmanager.dll
Event: 6.448 Loaded shared library C:\Users\Tuturum\.p2\pool\plugins\org.eclipse.justj.openjdk.hotspot.jre.full.win32.x86_64_17.0.7.v20230425-1502\jre\bin\zip.dll

Deoptimization events (20 events):
Event: 4.006 Thread 0x00000285b8990380 DEOPT PACKING pc=0x00000285998a3cc0 sp=0x0000008b1f9fe6b0
Event: 4.006 Thread 0x00000285b8990380 DEOPT UNPACKING pc=0x00000285993169a3 sp=0x0000008b1f9fe628 mode 2
Event: 4.006 Thread 0x00000285b8990380 Uncommon trap: trap_request=0xffffffde fr.pc=0x00000285998a3cc0 relative=0x0000000000000480
Event: 4.006 Thread 0x00000285b8990380 Uncommon trap: reason=class_check action=maybe_recompile pc=0x00000285998a3cc0 method=java.util.HashMap.getNode(Ljava/lang/Object;)Ljava/util/HashMap$Node; @ 128 c2
Event: 4.006 Thread 0x00000285b8990380 DEOPT PACKING pc=0x00000285998a3cc0 sp=0x0000008b1f9fe6d0
Event: 4.006 Thread 0x00000285b8990380 DEOPT UNPACKING pc=0x00000285993169a3 sp=0x0000008b1f9fe648 mode 2
Event: 4.050 Thread 0x00000285b8990380 Uncommon trap: trap_request=0xffffffde fr.pc=0x00000285998a3cc0 relative=0x0000000000000480
Event: 4.050 Thread 0x00000285b8990380 Uncommon trap: reason=class_check action=maybe_recompile pc=0x00000285998a3cc0 method=java.util.HashMap.getNode(Ljava/lang/Object;)Ljava/util/HashMap$Node; @ 128 c2
Event: 4.050 Thread 0x00000285b8990380 DEOPT PACKING pc=0x00000285998a3cc0 sp=0x0000008b1f9fe6d0
Event: 4.050 Thread 0x00000285b8990380 DEOPT UNPACKING pc=0x00000285993169a3 sp=0x0000008b1f9fe648 mode 2
Event: 13.305 Thread 0x00000285b8916f10 DEOPT PACKING pc=0x0000028591fd8d20 sp=0x0000008b1faff310
Event: 13.305 Thread 0x00000285b8916f10 DEOPT UNPACKING pc=0x0000028599317143 sp=0x0000008b1fafe848 mode 0
Event: 170.771 Thread 0x00000285b8916f10 Uncommon trap: trap_request=0xffffff45 fr.pc=0x00000285998f2508 relative=0x0000000000003c28
Event: 170.771 Thread 0x00000285b8916f10 Uncommon trap: reason=unstable_if action=reinterpret pc=0x00000285998f2508 method=sun.awt.image.VolatileSurfaceManager.validate(Ljava/awt/GraphicsConfiguration;)I @ 90 c2
Event: 170.771 Thread 0x00000285b8916f10 DEOPT PACKING pc=0x00000285998f2508 sp=0x0000008b1faff380
Event: 170.771 Thread 0x00000285b8916f10 DEOPT UNPACKING pc=0x00000285993169a3 sp=0x0000008b1faff2a0 mode 2
Event: 170.771 Thread 0x00000285b8916f10 Uncommon trap: trap_request=0xffffffde fr.pc=0x00000285998cbe5c relative=0x000000000000041c
Event: 170.771 Thread 0x00000285b8916f10 Uncommon trap: reason=class_check action=maybe_recompile pc=0x00000285998cbe5c method=sun.java2d.Disposer.add(Ljava/lang/Object;Lsun/java2d/DisposerRecord;)V @ 1 c2
Event: 170.771 Thread 0x00000285b8916f10 DEOPT PACKING pc=0x00000285998cbe5c sp=0x0000008b1fafe8a0
Event: 170.771 Thread 0x00000285b8916f10 DEOPT UNPACKING pc=0x00000285993169a3 sp=0x0000008b1fafe7e8 mode 2

Classes unloaded (0 events):
No events

Classes redefined (0 events):
No events

Internal exceptions (19 events):
Event: 0.105 Thread 0x000002858e6d9640 Exception <a 'java/lang/NoSuchMethodError'{0x0000000710f279c0}: 'void java.lang.invoke.DirectMethodHandle$Holder.invokeVirtual(java.lang.Object, java.lang.Object)'> (0x0000000710f279c0) 
thrown [s\src\hotspot\share\interpreter\linkResolver.cpp, line 759]
Event: 0.138 Thread 0x000002858e6d9640 Exception <a 'sun/nio/fs/WindowsException'{0x0000000710fe2e90}> (0x0000000710fe2e90) 
thrown [s\src\hotspot\share\prims\jni.cpp, line 516]
Event: 0.141 Thread 0x000002858e6d9640 Exception <a 'java/lang/ClassNotFoundException'{0x0000000710fe92c8}: sun/awt/resources/spi/awtProvider> (0x0000000710fe92c8) 
thrown [s\src\hotspot\share\classfile\systemDictionary.cpp, line 256]
Event: 0.158 Thread 0x000002858e6d9640 Exception <a 'java/io/FileNotFoundException'{0x0000000710c3d3b0}> (0x0000000710c3d3b0) 
thrown [s\src\hotspot\share\prims\jni.cpp, line 516]
Event: 0.163 Thread 0x000002858e6d9640 Exception <a 'java/io/FileNotFoundException'{0x0000000710c6a720}> (0x0000000710c6a720) 
thrown [s\src\hotspot\share\prims\jni.cpp, line 516]
Event: 0.196 Thread 0x000002858e6d9640 Exception <a 'java/lang/NoSuchMethodError'{0x0000000710ca7760}: 'java.lang.Object java.lang.invoke.DirectMethodHandle$Holder.invokeStaticInit(java.lang.Object)'> (0x0000000710ca7760) 
thrown [s\src\hotspot\share\interpreter\linkResolver.cpp, line 759]
Event: 0.384 Thread 0x000002858e6d9640 Exception <a 'java/lang/NoSuchMethodError'{0x0000000710d2fb60}: 'void java.lang.invoke.DirectMethodHandle$Holder.invokeSpecial(java.lang.Object, java.lang.Object, java.lang.Object)'> (0x0000000710d2fb60) 
thrown [s\src\hotspot\share\interpreter\linkResolver.cpp, line 759]
Event: 0.390 Thread 0x000002858e6d9640 Exception <a 'java/lang/NoSuchMethodError'{0x0000000710d59c50}: 'java.lang.Object java.lang.invoke.DirectMethodHandle$Holder.newInvokeSpecial(java.lang.Object, java.lang.Object, java.lang.Object, java.lang.Object, java.lang.Object)'> (0x0000000710d59c50) 
thrown [s\src\hotspot\share\interpreter\linkResolver.cpp, line 759]
Event: 0.392 Thread 0x000002858e6d9640 Exception <a 'java/lang/NoSuchMethodError'{0x0000000710d65618}: 'java.lang.Object java.lang.invoke.DirectMethodHandle$Holder.invokeStatic(java.lang.Object, int, java.lang.Object, java.lang.Object, java.lang.Object, java.lang.Object)'> (0x0000000710d65618) 
thrown [s\src\hotspot\share\interpreter\linkResolver.cpp, line 759]
Event: 0.395 Thread 0x000002858e6d9640 Exception <a 'java/lang/NoSuchMethodError'{0x0000000710d8b028}: 'java.lang.Object java.lang.invoke.DirectMethodHandle$Holder.invokeStatic(java.lang.Object, int, java.lang.Object)'> (0x0000000710d8b028) 
thrown [s\src\hotspot\share\interpreter\linkResolver.cpp, line 759]
Event: 0.413 Thread 0x000002858e6d9640 Exception <a 'java/lang/ClassNotFoundException'{0x0000000710a43470}: com/sun/swing/internal/plaf/metal/resources/spi/metalProvider> (0x0000000710a43470) 
thrown [s\src\hotspot\share\classfile\systemDictionary.cpp, line 256]
Event: 0.415 Thread 0x000002858e6d9640 Exception <a 'java/lang/ClassNotFoundException'{0x0000000710a47bd0}: com/sun/swing/internal/plaf/basic/resources/spi/basicProvider> (0x0000000710a47bd0) 
thrown [s\src\hotspot\share\classfile\systemDictionary.cpp, line 256]
Event: 0.443 Thread 0x000002858e6d9640 Exception <a 'java/lang/NoSuchMethodError'{0x0000000710bd1960}: 'void java.lang.invoke.DirectMethodHandle$Holder.invokeStaticInit(java.lang.Object)'> (0x0000000710bd1960) 
thrown [s\src\hotspot\share\interpreter\linkResolver.cpp, line 759]
Event: 0.470 Thread 0x000002858e6d9640 Exception <a 'sun/nio/fs/WindowsException'{0x000000071082f128}> (0x000000071082f128) 
thrown [s\src\hotspot\share\prims\jni.cpp, line 516]
Event: 6.442 Thread 0x00000285b8916f10 Exception <a 'sun/nio/fs/WindowsException'{0x00000007109fcc58}> (0x00000007109fcc58) 
thrown [s\src\hotspot\share\prims\jni.cpp, line 516]
Event: 6.442 Thread 0x00000285b8916f10 Exception <a 'sun/nio/fs/WindowsException'{0x00000007109fdc50}> (0x00000007109fdc50) 
thrown [s\src\hotspot\share\prims\jni.cpp, line 516]
Event: 6.443 Thread 0x00000285b8916f10 Exception <a 'sun/nio/fs/WindowsException'{0x00000007109fec48}> (0x00000007109fec48) 
thrown [s\src\hotspot\share\prims\jni.cpp, line 516]
Event: 6.443 Thread 0x00000285b8916f10 Exception <a 'sun/nio/fs/WindowsException'{0x00000007109ffc38}> (0x00000007109ffc38) 
thrown [s\src\hotspot\share\prims\jni.cpp, line 516]
Event: 6.443 Thread 0x00000285b8916f10 Exception <a 'sun/nio/fs/WindowsException'{0x00000007106010d8}> (0x00000007106010d8) 
thrown [s\src\hotspot\share\prims\jni.cpp, line 516]

VM Operations (20 events):
Event: 20.216 Executing VM operation: G1CollectForAllocation
Event: 20.218 Executing VM operation: G1CollectForAllocation done
Event: 21.220 Executing VM operation: Cleanup
Event: 21.220 Executing VM operation: Cleanup done
Event: 45.239 Executing VM operation: Cleanup
Event: 45.239 Executing VM operation: Cleanup done
Event: 48.241 Executing VM operation: Cleanup
Event: 48.241 Executing VM operation: Cleanup done
Event: 49.241 Executing VM operation: Cleanup
Event: 49.241 Executing VM operation: Cleanup done
Event: 50.242 Executing VM operation: Cleanup
Event: 50.242 Executing VM operation: Cleanup done
Event: 58.897 Executing VM operation: G1CollectForAllocation
Event: 58.898 Executing VM operation: G1CollectForAllocation done
Event: 97.965 Executing VM operation: Cleanup
Event: 97.965 Executing VM operation: Cleanup done
Event: 99.965 Executing VM operation: Cleanup
Event: 99.965 Executing VM operation: Cleanup done
Event: 170.041 Executing VM operation: Cleanup
Event: 170.041 Executing VM operation: Cleanup done

Events (20 events):
Event: 6.449 loading class sun/awt/image/ByteInterleavedRaster
Event: 6.449 loading class sun/awt/image/ByteComponentRaster
Event: 6.449 loading class sun/awt/image/ByteComponentRaster done
Event: 6.449 loading class sun/awt/image/ByteInterleavedRaster done
Event: 6.450 loading class java/awt/image/BufferedImage$1
Event: 6.450 loading class java/awt/image/BufferedImage$1 done
Event: 6.450 loading class sun/awt/image/BytePackedRaster
Event: 6.450 loading class sun/awt/image/BytePackedRaster done
Event: 6.450 loading class com/sun/imageio/plugins/common/ReaderUtil
Event: 6.450 loading class com/sun/imageio/plugins/common/ReaderUtil done
Event: 6.451 loading class java/io/RandomAccessFile$1
Event: 6.451 loading class java/io/RandomAccessFile$1 done
Event: 6.452 loading class java/util/Random
Event: 6.452 loading class java/util/random/RandomGenerator
Event: 6.452 loading class java/util/random/RandomGenerator done
Event: 6.452 loading class java/util/Random done
Event: 170.760 Thread 0x00000285b8a1f110 Thread added: 0x00000285b8a1f110
Event: 170.760 Thread 0x00000285b8a1ec40 Thread added: 0x00000285b8a1ec40
Event: 170.760 Thread 0x00000285b8a1f110 Thread exited: 0x00000285b8a1f110
Event: 170.760 Thread 0x00000285b89173e0 Thread exited: 0x00000285b89173e0


Dynamic libraries:
0x00007ff7584e0000 - 0x00007ff7584ee000 	C:\Users\Tuturum\.p2\pool\plugins\org.eclipse.justj.openjdk.hotspot.jre.full.win32.x86_64_17.0.7.v20230425-1502\jre\bin\javaw.exe
0x00007ffa47a70000 - 0x00007ffa47c68000 	C:\Windows\SYSTEM32\ntdll.dll
0x00007ffa46340000 - 0x00007ffa463ff000 	C:\Windows\System32\KERNEL32.DLL
0x00007ffa453c0000 - 0x00007ffa456b6000 	C:\Windows\System32\KERNELBASE.dll
0x00007ffa45920000 - 0x00007ffa45a20000 	C:\Windows\System32\ucrtbase.dll
0x00007ffa35770000 - 0x00007ffa35787000 	C:\Users\Tuturum\.p2\pool\plugins\org.eclipse.justj.openjdk.hotspot.jre.full.win32.x86_64_17.0.7.v20230425-1502\jre\bin\jli.dll
0x00007ffa47760000 - 0x00007ffa478fd000 	C:\Windows\System32\USER32.dll
0x00007ffa452a0000 - 0x00007ffa452c2000 	C:\Windows\System32\win32u.dll
0x00007ffa45fc0000 - 0x00007ffa45fec000 	C:\Windows\System32\GDI32.dll
0x00007ffa45180000 - 0x00007ffa45295000 	C:\Windows\System32\gdi32full.dll
0x00007ffa45320000 - 0x00007ffa453bd000 	C:\Windows\System32\msvcp_win.dll
0x00007ffa22b90000 - 0x00007ffa22ba9000 	C:\Users\Tuturum\.p2\pool\plugins\org.eclipse.justj.openjdk.hotspot.jre.full.win32.x86_64_17.0.7.v20230425-1502\jre\bin\VCRUNTIME140.dll
0x00007ffa2e3c0000 - 0x00007ffa2e65a000 	C:\Windows\WinSxS\amd64_microsoft.windows.common-controls_6595b64144ccf1df_6.0.19041.1110_none_60b5254171f9507e\COMCTL32.dll
0x00007ffa462a0000 - 0x00007ffa4633e000 	C:\Windows\System32\msvcrt.dll
0x00007ffa46270000 - 0x00007ffa462a0000 	C:\Windows\System32\IMM32.DLL
0x00007ffa45be0000 - 0x00007ffa45d06000 	C:\Windows\System32\RPCRT4.dll
0x00007ffa45000000 - 0x00007ffa45032000 	C:\Windows\SYSTEM32\SspiCli.dll
0x00007ffa3c900000 - 0x00007ffa3c90c000 	C:\Users\Tuturum\.p2\pool\plugins\org.eclipse.justj.openjdk.hotspot.jre.full.win32.x86_64_17.0.7.v20230425-1502\jre\bin\vcruntime140_1.dll
0x00007ffa066c0000 - 0x00007ffa06751000 	C:\Users\Tuturum\.p2\pool\plugins\org.eclipse.justj.openjdk.hotspot.jre.full.win32.x86_64_17.0.7.v20230425-1502\jre\bin\msvcp140.dll
0x00007ff9dd350000 - 0x00007ff9ddf98000 	C:\Users\Tuturum\.p2\pool\plugins\org.eclipse.justj.openjdk.hotspot.jre.full.win32.x86_64_17.0.7.v20230425-1502\jre\bin\server\jvm.dll
0x00007ffa45ad0000 - 0x00007ffa45b7f000 	C:\Windows\System32\ADVAPI32.dll
0x00007ffa46950000 - 0x00007ffa469ec000 	C:\Windows\System32\sechost.dll
0x00007ffa3f2a0000 - 0x00007ffa3f2a9000 	C:\Windows\SYSTEM32\WSOCK32.dll
0x00007ffa45ff0000 - 0x00007ffa4605b000 	C:\Windows\System32\WS2_32.dll
0x00007ffa31170000 - 0x00007ffa31197000 	C:\Windows\SYSTEM32\WINMM.dll
0x00007ffa40340000 - 0x00007ffa4034a000 	C:\Windows\SYSTEM32\VERSION.dll
0x00007ffa42fe0000 - 0x00007ffa42ff2000 	C:\Windows\SYSTEM32\kernel.appcore.dll
0x00007ffa39c10000 - 0x00007ffa39c1a000 	C:\Users\Tuturum\.p2\pool\plugins\org.eclipse.justj.openjdk.hotspot.jre.full.win32.x86_64_17.0.7.v20230425-1502\jre\bin\jimage.dll
0x00007ffa3ce70000 - 0x00007ffa3d054000 	C:\Windows\SYSTEM32\DBGHELP.DLL
0x00007ffa3ccf0000 - 0x00007ffa3cd24000 	C:\Windows\SYSTEM32\dbgcore.DLL
0x00007ffa45730000 - 0x00007ffa457b2000 	C:\Windows\System32\bcryptPrimitives.dll
0x00007ffa34b40000 - 0x00007ffa34b65000 	C:\Users\Tuturum\.p2\pool\plugins\org.eclipse.justj.openjdk.hotspot.jre.full.win32.x86_64_17.0.7.v20230425-1502\jre\bin\java.dll
0x00007ffa34a80000 - 0x00007ffa34a98000 	C:\Users\Tuturum\.p2\pool\plugins\org.eclipse.justj.openjdk.hotspot.jre.full.win32.x86_64_17.0.7.v20230425-1502\jre\bin\zip.dll
0x00007ffa47010000 - 0x00007ffa47754000 	C:\Windows\System32\SHELL32.dll
0x00007ffa431e0000 - 0x00007ffa43974000 	C:\Windows\SYSTEM32\windows.storage.dll
0x00007ffa46cb0000 - 0x00007ffa47004000 	C:\Windows\System32\combase.dll
0x00007ffa44ab0000 - 0x00007ffa44ade000 	C:\Windows\SYSTEM32\Wldp.dll
0x00007ffa45e30000 - 0x00007ffa45edd000 	C:\Windows\System32\SHCORE.dll
0x00007ffa469f0000 - 0x00007ffa46a45000 	C:\Windows\System32\shlwapi.dll
0x00007ffa45080000 - 0x00007ffa450a5000 	C:\Windows\SYSTEM32\profapi.dll
0x00007ffa32450000 - 0x00007ffa32469000 	C:\Users\Tuturum\.p2\pool\plugins\org.eclipse.justj.openjdk.hotspot.jre.full.win32.x86_64_17.0.7.v20230425-1502\jre\bin\net.dll
0x00007ffa3dad0000 - 0x00007ffa3dbda000 	C:\Windows\SYSTEM32\WINHTTP.dll
0x00007ffa44890000 - 0x00007ffa448fa000 	C:\Windows\system32\mswsock.dll
0x00007ffa32430000 - 0x00007ffa32445000 	C:\Users\Tuturum\.p2\pool\plugins\org.eclipse.justj.openjdk.hotspot.jre.full.win32.x86_64_17.0.7.v20230425-1502\jre\bin\nio.dll
0x00007ffa03d40000 - 0x00007ffa03ece000 	C:\Users\Tuturum\.p2\pool\plugins\org.eclipse.justj.openjdk.hotspot.jre.full.win32.x86_64_17.0.7.v20230425-1502\jre\bin\awt.dll
0x00007ffa47900000 - 0x00007ffa479cd000 	C:\Windows\System32\OLEAUT32.dll
0x00007ffa42a00000 - 0x00007ffa42a91000 	C:\Windows\SYSTEM32\apphelp.dll
0x00007ffa42e00000 - 0x00007ffa42e2f000 	C:\Windows\system32\DWMAPI.DLL
0x00007ffa42b10000 - 0x00007ffa42bae000 	C:\Windows\system32\uxtheme.dll
0x00007ffa03600000 - 0x00007ffa03725000 	C:\Windows\system32\opengl32.dll
0x00007ffa13030000 - 0x00007ffa1305c000 	C:\Windows\SYSTEM32\GLU32.dll
0x00007ffa45d10000 - 0x00007ffa45e24000 	C:\Windows\System32\MSCTF.dll
0x00007ffa46b80000 - 0x00007ffa46caa000 	C:\Windows\System32\ole32.dll
0x00007ffa44d20000 - 0x00007ffa44d32000 	C:\Windows\SYSTEM32\msasn1.dll
0x00007ffa3d7c0000 - 0x00007ffa3d7f1000 	C:\Windows\SYSTEM32\cryptnet.dll
0x00007ffa457c0000 - 0x00007ffa4591e000 	C:\Windows\System32\CRYPT32.dll
0x00007ffa3d430000 - 0x00007ffa3d578000 	C:\Windows\SYSTEM32\drvstore.dll
0x00007ffa44ee0000 - 0x00007ffa44f13000 	C:\Windows\SYSTEM32\devobj.dll
0x00007ffa452d0000 - 0x00007ffa4531e000 	C:\Windows\System32\cfgmgr32.dll
0x00007ffa44a20000 - 0x00007ffa44a2c000 	C:\Windows\SYSTEM32\cryptbase.dll
0x00007ffa456c0000 - 0x00007ffa45727000 	C:\Windows\System32\WINTRUST.DLL
0x00007ffa46930000 - 0x00007ffa4694d000 	C:\Windows\System32\imagehlp.dll
0x00007ffa44af0000 - 0x00007ffa44b08000 	C:\Windows\SYSTEM32\CRYPTSP.dll
0x00007ffa44100000 - 0x00007ffa44134000 	C:\Windows\system32\rsaenh.dll
0x00007ffa45150000 - 0x00007ffa45177000 	C:\Windows\System32\bcrypt.dll
0x00007ff9f7200000 - 0x00007ff9f74d1000 	C:\Windows\system32\nvspcap64.dll
0x00007ffa44280000 - 0x00007ffa442b3000 	C:\Windows\SYSTEM32\ntmarta.dll
0x00007ffa43990000 - 0x00007ffa439b3000 	C:\Windows\SYSTEM32\gpapi.dll
0x00007ffa3d610000 - 0x00007ffa3d64b000 	C:\Windows\SYSTEM32\dxcore.dll
0x00007ffa0c390000 - 0x00007ffa0c416000 	C:\Users\Tuturum\.p2\pool\plugins\org.eclipse.justj.openjdk.hotspot.jre.full.win32.x86_64_17.0.7.v20230425-1502\jre\bin\freetype.dll
0x00007ffa03c70000 - 0x00007ffa03d35000 	C:\Users\Tuturum\.p2\pool\plugins\org.eclipse.justj.openjdk.hotspot.jre.full.win32.x86_64_17.0.7.v20230425-1502\jre\bin\fontmanager.dll
0x00007ffa36180000 - 0x00007ffa36279000 	C:\Windows\SYSTEM32\textinputframework.dll
0x00007ffa42420000 - 0x00007ffa4277e000 	C:\Windows\System32\CoreUIComponents.dll
0x00007ffa42780000 - 0x00007ffa42872000 	C:\Windows\System32\CoreMessaging.dll
0x00007ffa41c20000 - 0x00007ffa41d74000 	C:\Windows\SYSTEM32\wintypes.dll

dbghelp: loaded successfully - version: 4.0.5 - missing functions: none
symbol engine: initialized successfully - sym options: 0x614 - pdb path: .;C:\Users\Tuturum\.p2\pool\plugins\org.eclipse.justj.openjdk.hotspot.jre.full.win32.x86_64_17.0.7.v20230425-1502\jre\bin;C:\Windows\SYSTEM32;C:\Windows\WinSxS\amd64_microsoft.windows.common-controls_6595b64144ccf1df_6.0.19041.1110_none_60b5254171f9507e;C:\Users\Tuturum\.p2\pool\plugins\org.eclipse.justj.openjdk.hotspot.jre.full.win32.x86_64_17.0.7.v20230425-1502\jre\bin\server;C:\Windows\System32\DriverStore\FileRepository\nv_dispig.inf_amd64_19f3764f95906f94

VM Arguments:
jvm_args: -Dfile.encoding=UTF-8 --module-path=E:\Artu\BackUp\Poli\Terceiro Periodo\Java\LPOO-2021.1-Arthur-Araujo-e-Ayna-Araujoo\Ligue 4\bin -XX:+ShowCodeDetailsInExceptionMessages -Djdk.module.main=Ligue_4 
java_command: Ligue_4/lpoo.ligue_4.main.Game
java_class_path (initial): <not set>
Launcher Type: SUN_STANDARD

[Global flags]
     intx CICompilerCount                          = 3                                         {product} {ergonomic}
     uint ConcGCThreads                            = 1                                         {product} {ergonomic}
     uint G1ConcRefinementThreads                  = 4                                         {product} {ergonomic}
   size_t G1HeapRegionSize                         = 2097152                                   {product} {ergonomic}
    uintx GCDrainStackTargetSize                   = 64                                        {product} {ergonomic}
   size_t InitialHeapSize                          = 268435456                                 {product} {ergonomic}
   size_t MarkStackSize                            = 4194304                                   {product} {ergonomic}
   size_t MaxHeapSize                              = 4278190080                                {product} {ergonomic}
   size_t MaxNewSize                               = 2566914048                                {product} {ergonomic}
   size_t MinHeapDeltaBytes                        = 2097152                                   {product} {ergonomic}
   size_t MinHeapSize                              = 8388608                                   {product} {ergonomic}
    uintx NonNMethodCodeHeapSize                   = 5832780                                {pd product} {ergonomic}
    uintx NonProfiledCodeHeapSize                  = 122912730                              {pd product} {ergonomic}
    uintx ProfiledCodeHeapSize                     = 122912730                              {pd product} {ergonomic}
    uintx ReservedCodeCacheSize                    = 251658240                              {pd product} {ergonomic}
     bool SegmentedCodeCache                       = true                                      {product} {ergonomic}
     bool ShowCodeDetailsInExceptionMessages       = true                                   {manageable} {command line}
   size_t SoftMaxHeapSize                          = 4278190080                             {manageable} {ergonomic}
     bool UseCompressedClassPointers               = true                           {product lp64_product} {ergonomic}
     bool UseCompressedOops                        = true                           {product lp64_product} {ergonomic}
     bool UseG1GC                                  = true                                      {product} {ergonomic}
     bool UseLargePagesIndividualAllocation        = false                                  {pd product} {ergonomic}

Logging:
Log output configuration:
 #0: stdout all=warning uptime,level,tags
 #1: stderr all=off uptime,level,tags

Environment Variables:
JAVA_HOME=C:\Program Files (x86)\Common Files\Oracle\Java\javapath\java.exe
PATH=C:/Users/Tuturum/.p2/pool/plugins/org.eclipse.justj.openjdk.hotspot.jre.full.win32.x86_64_17.0.7.v20230425-1502/jre/bin/server;C:/Users/Tuturum/.p2/pool/plugins/org.eclipse.justj.openjdk.hotspot.jre.full.win32.x86_64_17.0.7.v20230425-1502/jre/bin;C:\Program Files (x86)\Common Files\Oracle\Java\javapath;C:\Program Files\Eclipse Adoptium\jdk-11.0.19.7-hotspot\bin;C:\Windows\system32;C:\Windows;C:\Windows\System32\Wbem;C:\Windows\System32\WindowsPowerShell\v1.0\;C:\Windows\System32\OpenSSH\;C:\Program Files\NVIDIA Corporation\NVIDIA NvDLISR;C:\Program Files (x86)\NVIDIA Corporation\PhysX\Common;D:\Program Files\nodejs\;C:\ProgramData\chocolatey\bin;C:\Program Files\Git\cmd;C:\Users\Tuturum\AppData\Local\Programs\Python\Python39\Scripts\;C:\Users\Tuturum\AppData\Local\Programs\Python\Python39\;C:\Users\Tuturum\AppData\Local\Programs\Python\Python311\Scripts\;C:\Users\Tuturum\AppData\Local\Programs\Python\Python311\;C:\Users\Tuturum\AppData\Local\Microsoft\WindowsApps;D:\Users\Tuturum\AppData\Local\Programs\Microsoft VS Code\bin;C:\Users\Tuturum\AppData\Roaming\npm;C:\Users\Tuturum\AppData\Local\Android\Sdk\emulator;C:\Users\Tuturum\AppData\Local\Android\Sdk\tools;C:\Users\Tuturum\AppData\Local\Android\Sdk\tools\bin;C:\Users\Tuturum\AppData\Local\Android\Sdk\platform-tools;;C:\Windows\System32;
USERNAME=Tuturum
OS=Windows_NT
PROCESSOR_IDENTIFIER=Intel64 Family 6 Model 158 Stepping 11, GenuineIntel
TMP=C:\Users\Tuturum\AppData\Local\Temp
TEMP=C:\Users\Tuturum\AppData\Local\Temp



---------------  S Y S T E M  ---------------

OS:
 Windows 10 , 64 bit Build 19041 (10.0.19041.3155)
OS uptime: 17 days 20:14 hours
Hyper-V role detected

CPU: total 4 (initial active 4) (4 cores per cpu, 1 threads per core) family 6 model 158 stepping 11 microcode 0xb4, cx8, cmov, fxsr, mmx, 3dnowpref, sse, sse2, sse3, ssse3, sse4.1, sse4.2, popcnt, lzcnt, tsc, tscinvbit, avx, avx2, aes, erms, clmul, bmi1, bmi2, adx, fma, vzeroupper, clflush, clflushopt, hv

Memory: 4k page, system-wide physical 16317M (8219M free)
TotalPageFile size 18749M (AvailPageFile size 5227M)
current process WorkingSet (physical memory assigned to process): 160M, peak: 174M
current process commit charge ("private bytes"): 425M, peak: 453M

vm_info: OpenJDK 64-Bit Server VM (17.0.7+7) for windows-amd64 JRE (17.0.7+7), built on Apr 18 2023 22:10:42 by "temurin" with MS VC++ 16.7 (VS2019)

END.
